mode: set
btc-federation/internal/storage/file_storage.go:40.60,41.20 1 1
btc-federation/internal/storage/file_storage.go:41.20,43.3 1 1
btc-federation/internal/storage/file_storage.go:45.2,51.45 2 1
btc-federation/internal/storage/file_storage.go:51.45,52.48 1 1
btc-federation/internal/storage/file_storage.go:52.48,54.4 1 1
btc-federation/internal/storage/file_storage.go:57.2,57.21 1 1
btc-federation/internal/storage/file_storage.go:61.48,69.2 5 1
btc-federation/internal/storage/file_storage.go:72.58,77.2 3 1
btc-federation/internal/storage/file_storage.go:80.64,83.24 2 1
btc-federation/internal/storage/file_storage.go:83.24,88.3 3 1
btc-federation/internal/storage/file_storage.go:89.2,89.16 1 1
btc-federation/internal/storage/file_storage.go:89.16,91.3 1 0
btc-federation/internal/storage/file_storage.go:94.2,94.66 1 1
btc-federation/internal/storage/file_storage.go:94.66,99.3 3 1
btc-federation/internal/storage/file_storage.go:102.2,103.16 2 1
btc-federation/internal/storage/file_storage.go:103.16,105.3 1 0
btc-federation/internal/storage/file_storage.go:107.2,108.56 2 1
btc-federation/internal/storage/file_storage.go:108.56,110.55 1 1
btc-federation/internal/storage/file_storage.go:110.55,112.4 1 0
btc-federation/internal/storage/file_storage.go:113.3,113.81 1 1
btc-federation/internal/storage/file_storage.go:117.2,118.16 2 1
btc-federation/internal/storage/file_storage.go:118.16,120.3 1 0
btc-federation/internal/storage/file_storage.go:123.2,129.20 5 1
btc-federation/internal/storage/file_storage.go:133.60,139.16 4 1
btc-federation/internal/storage/file_storage.go:139.16,141.3 1 1
btc-federation/internal/storage/file_storage.go:144.2,150.16 3 1
btc-federation/internal/storage/file_storage.go:150.16,152.3 1 0
btc-federation/internal/storage/file_storage.go:155.2,155.49 1 1
btc-federation/internal/storage/file_storage.go:155.49,157.3 1 1
btc-federation/internal/storage/file_storage.go:160.2,161.55 2 1
btc-federation/internal/storage/file_storage.go:161.55,163.3 1 1
btc-federation/internal/storage/file_storage.go:165.2,165.12 1 1
btc-federation/internal/storage/file_storage.go:169.55,174.40 3 1
btc-federation/internal/storage/file_storage.go:174.40,176.3 1 1
btc-federation/internal/storage/file_storage.go:179.2,179.40 1 1
btc-federation/internal/storage/file_storage.go:179.40,180.32 1 1
btc-federation/internal/storage/file_storage.go:180.32,182.4 1 1
btc-federation/internal/storage/file_storage.go:186.2,194.16 4 1
btc-federation/internal/storage/file_storage.go:194.16,196.3 1 0
btc-federation/internal/storage/file_storage.go:198.2,198.49 1 1
btc-federation/internal/storage/file_storage.go:198.49,200.3 1 0
btc-federation/internal/storage/file_storage.go:203.2,204.55 2 1
btc-federation/internal/storage/file_storage.go:204.55,206.3 1 1
btc-federation/internal/storage/file_storage.go:208.2,208.12 1 1
btc-federation/internal/storage/file_storage.go:212.59,220.32 5 1
btc-federation/internal/storage/file_storage.go:220.32,221.34 1 1
btc-federation/internal/storage/file_storage.go:221.34,223.4 1 1
btc-federation/internal/storage/file_storage.go:223.9,225.4 1 1
btc-federation/internal/storage/file_storage.go:228.2,228.12 1 1
btc-federation/internal/storage/file_storage.go:228.12,230.3 1 1
btc-federation/internal/storage/file_storage.go:233.2,238.16 3 1
btc-federation/internal/storage/file_storage.go:238.16,240.3 1 0
btc-federation/internal/storage/file_storage.go:242.2,242.49 1 1
btc-federation/internal/storage/file_storage.go:242.49,244.3 1 0
btc-federation/internal/storage/file_storage.go:247.2,248.55 2 1
btc-federation/internal/storage/file_storage.go:248.55,250.3 1 1
btc-federation/internal/storage/file_storage.go:252.2,252.12 1 1
btc-federation/internal/storage/file_storage.go:256.38,265.2 5 1
btc-federation/internal/storage/file_storage.go:268.89,272.29 3 1
btc-federation/internal/storage/file_storage.go:272.29,274.41 1 1
btc-federation/internal/storage/file_storage.go:274.41,276.4 1 1
btc-federation/internal/storage/file_storage.go:279.3,279.31 1 1
btc-federation/internal/storage/file_storage.go:279.31,281.12 1 1
btc-federation/internal/storage/file_storage.go:284.3,285.40 2 1
btc-federation/internal/storage/file_storage.go:288.2,288.24 1 1
btc-federation/internal/storage/file_storage.go:292.59,295.47 2 1
btc-federation/internal/storage/file_storage.go:295.47,297.3 1 0
btc-federation/internal/storage/file_storage.go:300.2,302.16 3 1
btc-federation/internal/storage/file_storage.go:302.16,304.3 1 1
btc-federation/internal/storage/file_storage.go:307.2,307.15 1 1
btc-federation/internal/storage/file_storage.go:307.15,308.18 1 1
btc-federation/internal/storage/file_storage.go:308.18,311.4 2 0
btc-federation/internal/storage/file_storage.go:315.2,315.44 1 1
btc-federation/internal/storage/file_storage.go:315.44,317.3 1 0
btc-federation/internal/storage/file_storage.go:320.2,320.36 1 1
btc-federation/internal/storage/file_storage.go:320.36,322.3 1 0
btc-federation/internal/storage/file_storage.go:325.2,325.37 1 1
btc-federation/internal/storage/file_storage.go:325.37,327.3 1 0
btc-federation/internal/storage/file_storage.go:328.2,331.57 2 1
btc-federation/internal/storage/file_storage.go:331.57,333.3 1 0
btc-federation/internal/storage/file_storage.go:335.2,335.12 1 1
btc-federation/internal/storage/file_storage.go:339.45,340.56 1 1
btc-federation/internal/storage/file_storage.go:340.56,342.3 1 0
btc-federation/internal/storage/file_storage.go:344.2,345.45 2 1
btc-federation/internal/storage/file_storage.go:349.56,351.16 2 1
btc-federation/internal/storage/file_storage.go:351.16,353.3 1 0
btc-federation/internal/storage/file_storage.go:354.2,357.16 3 1
btc-federation/internal/storage/file_storage.go:357.16,359.3 1 0
btc-federation/internal/storage/file_storage.go:360.2,362.57 2 1
btc-federation/internal/storage/file_storage.go:362.57,364.3 1 0
btc-federation/internal/storage/file_storage.go:366.2,366.24 1 1
